-------------------------------------------------------------------------------
Test set: edu.ncsu.csc.itrust2.apitest.APIOfficeVisitTest
-------------------------------------------------------------------------------
Tests run: 4, Failures: 1, Errors: 0, Skipped: 0, Time elapsed: 1.252 s <<< FAILURE! - in edu.ncsu.csc.itrust2.apitest.APIOfficeVisitTest
testPreScheduledOfficeVisit(edu.ncsu.csc.itrust2.apitest.APIOfficeVisitTest)  Time elapsed: 0.211 s  <<< FAILURE!
java.lang.AssertionError: Status expected:<200> but was:<405>
	at edu.ncsu.csc.itrust2.apitest.APIOfficeVisitTest.testPreScheduledOfficeVisit(APIOfficeVisitTest.java:129)

