-------------------------------------------------------------------------------
Test set: edu.ncsu.csc.itrust2.unit.PasswordChangeTest
-------------------------------------------------------------------------------
Tests run: 2, Failures: 1, Errors: 0, Skipped: 0, Time elapsed: 2.167 s <<< FAILURE! - in edu.ncsu.csc.itrust2.unit.PasswordChangeTest
testPasswordChangeForm(edu.ncsu.csc.itrust2.unit.PasswordChangeTest)  Time elapsed: 0.424 s  <<< FAILURE!
org.junit.ComparisonFailure: expected:<[Incorrect password.]> but was:<[new val]>
	at edu.ncsu.csc.itrust2.unit.PasswordChangeTest.testPasswordChangeForm(PasswordChangeTest.java:58)

