-------------------------------------------------------------------------------
Test set: edu.ncsu.csc.itrust2.apitest.APIPersonnelTest
-------------------------------------------------------------------------------
Tests run: 2, Failures: 1, Errors: 0, Skipped: 0, Time elapsed: 0.007 s <<< FAILURE! - in edu.ncsu.csc.itrust2.apitest.APIPersonnelTest
testPersonnelAPI(edu.ncsu.csc.itrust2.apitest.APIPersonnelTest)  Time elapsed: 0.002 s  <<< FAILURE!
java.lang.AssertionError: Status expected:<409> but was:<404>
	at edu.ncsu.csc.itrust2.apitest.APIPersonnelTest.testPersonnelAPI(APIPersonnelTest.java:95)

