-------------------------------------------------------------------------------
Test set: edu.ncsu.csc.itrust2.unit.PersonnelFormTest
-------------------------------------------------------------------------------
Tests run: 1, Failures: 1, Errors: 0, Skipped: 0, Time elapsed: 0.148 s <<< FAILURE! - in edu.ncsu.csc.itrust2.unit.PersonnelFormTest
testPersonnelForm(edu.ncsu.csc.itrust2.unit.PersonnelFormTest)  Time elapsed: 0.037 s  <<< FAILURE!
java.lang.AssertionError: expected:<NC> but was:<null>
	at edu.ncsu.csc.itrust2.unit.PersonnelFormTest.testPersonnelForm(PersonnelFormTest.java:46)

