-------------------------------------------------------------------------------
Test set: edu.ncsu.csc.itrust2.apitest.APIEnumTest
-------------------------------------------------------------------------------
Tests run: 1, Failures: 1, Errors: 0, Skipped: 0, Time elapsed: 0.02 s <<< FAILURE! - in edu.ncsu.csc.itrust2.apitest.APIEnumTest
testEnumAPI(edu.ncsu.csc.itrust2.apitest.APIEnumTest)  Time elapsed: 0.013 s  <<< FAILURE!
java.lang.AssertionError: Status expected:<200> but was:<404>
	at edu.ncsu.csc.itrust2.apitest.APIEnumTest.testEnumAPI(APIEnumTest.java:56)

