-------------------------------------------------------------------------------
Test set: edu.ncsu.csc.itrust2.apitest.APIPasswordTest
-------------------------------------------------------------------------------
Tests run: 3, Failures: 1, Errors: 0, Skipped: 0, Time elapsed: 0.756 s <<< FAILURE! - in edu.ncsu.csc.itrust2.apitest.APIPasswordTest
testValidPasswordChanges(edu.ncsu.csc.itrust2.apitest.APIPasswordTest)  Time elapsed: 0.44 s  <<< FAILURE!
java.lang.AssertionError
	at edu.ncsu.csc.itrust2.apitest.APIPasswordTest.testValidPasswordChanges(APIPasswordTest.java:94)

