-------------------------------------------------------------------------------
Test set: edu.ncsu.csc.itrust2.apitest.APIPatientTest
-------------------------------------------------------------------------------
Tests run: 4, Failures: 1, Errors: 0, Skipped: 0, Time elapsed: 0.253 s <<< FAILURE! - in edu.ncsu.csc.itrust2.apitest.APIPatientTest
testPatientAPI(edu.ncsu.csc.itrust2.apitest.APIPatientTest)  Time elapsed: 0.155 s  <<< FAILURE!
java.lang.AssertionError: Status expected:<200> but was:<404>
	at edu.ncsu.csc.itrust2.apitest.APIPatientTest.testPatientAPI(APIPatientTest.java:118)

