-------------------------------------------------------------------------------
Test set: edu.ncsu.csc.itrust2.unit.EmailUtilTest
-------------------------------------------------------------------------------
Tests run: 2, Failures: 0, Errors: 1, Skipped: 0, Time elapsed: 5.761 s <<< FAILURE! - in edu.ncsu.csc.itrust2.unit.EmailUtilTest
testSendEmail(edu.ncsu.csc.itrust2.unit.EmailUtilTest)  Time elapsed: 0.051 s  <<< ERROR!
javax.mail.internet.AddressException: Domain contains control or whitespace
	at edu.ncsu.csc.itrust2.unit.EmailUtilTest.testSendEmail(EmailUtilTest.java:31)

