-------------------------------------------------------------------------------
Test set: edu.ncsu.csc.itrust2.unit.PatientTest
-------------------------------------------------------------------------------
Tests run: 2, Failures: 1, Errors: 0, Skipped: 0, Time elapsed: 0.068 s <<< FAILURE! - in edu.ncsu.csc.itrust2.unit.PatientTest
testPatientDateOfDeath(edu.ncsu.csc.itrust2.unit.PatientTest)  Time elapsed: 0.056 s  <<< FAILURE!
java.lang.AssertionError: expected:<patientTestMom> but was:<null>
	at edu.ncsu.csc.itrust2.unit.PatientTest.testPatientDateOfDeath(PatientTest.java:108)

